2023-05-17 18:09:05.915  INFO 17180 --- [main] c.e.D.DonationPlatformApplication        : Starting DonationPlatformApplication using Java 11.0.19 on DESKTOP-AKD0ENH with PID 17180 (C:\Users\Lenovo\Desktop\DonationPlatform\target\classes started by Lenovo in C:\Users\Lenovo\Desktop\DonationPlatform)
2023-05-17 18:09:05.921  INFO 17180 --- [main] c.e.D.DonationPlatformApplication        : No active profile set, falling back to 1 default profile: "default"
2023-05-17 18:09:06.495  INFO 17180 --- [main] .s.d.r.c.RepositoryConfigurationDelegate : Bootstrapping Spring Data JPA repositories in DEFAULT mode.
2023-05-17 18:09:06.534  INFO 17180 --- [main] .s.d.r.c.RepositoryConfigurationDelegate : Finished Spring Data repository scanning in 33 ms. Found 4 JPA repository interfaces.
2023-05-17 18:09:06.850  INFO 17180 --- [main] o.s.b.w.embedded.tomcat.TomcatWebServer  : Tomcat initialized with port(s): 8080 (http)
2023-05-17 18:09:06.856  INFO 17180 --- [main] o.apache.catalina.core.StandardService   : Starting service [Tomcat]
2023-05-17 18:09:06.857  INFO 17180 --- [main] org.apache.catalina.core.StandardEngine  : Starting Servlet engine: [Apache Tomcat/9.0.71]
2023-05-17 18:09:06.996  INFO 17180 --- [main] org.apache.jasper.servlet.TldScanner     : At least one JAR was scanned for TLDs yet contained no TLDs. Enable debug logging for this logger for a complete list of JARs that were scanned but no TLDs were found in them. Skipping unneeded JARs during scanning can improve startup time and JSP compilation time.
2023-05-17 18:09:07.001  INFO 17180 --- [main] o.a.c.c.C.[Tomcat].[localhost].[/]       : Initializing Spring embedded WebApplicationContext
2023-05-17 18:09:07.002  INFO 17180 --- [main] w.s.c.ServletWebServerApplicationContext : Root WebApplicationContext: initialization completed in 1052 ms
2023-05-17 18:09:07.246  INFO 17180 --- [main] o.hibernate.jpa.internal.util.LogHelper  : HHH000204: Processing PersistenceUnitInfo [name: default]
2023-05-17 18:09:07.270  INFO 17180 --- [main] org.hibernate.Version                    : HHH000412: Hibernate ORM core version 5.6.15.Final
2023-05-17 18:09:07.343  INFO 17180 --- [main] o.hibernate.annotations.common.Version   : HCANN000001: Hibernate Commons Annotations {5.1.2.Final}
2023-05-17 18:09:07.439  INFO 17180 --- [main] org.hibernate.dialect.Dialect            : HHH000400: Using dialect: org.hibernate.dialect.PostgreSQL10Dialect
2023-05-17 18:09:07.819  INFO 17180 --- [main] o.h.e.t.j.p.i.JtaPlatformInitiator       : HHH000490: Using JtaPlatform implementation: [org.hibernate.engine.transaction.jta.platform.internal.NoJtaPlatform]
2023-05-17 18:09:07.827  INFO 17180 --- [main] j.LocalContainerEntityManagerFactoryBean : Initialized JPA EntityManagerFactory for persistence unit 'default'
2023-05-17 18:09:08.204  INFO 17180 --- [main] o.s.s.web.DefaultSecurityFilterChain     : Will secure any request with [org.springframework.security.web.session.DisableEncodeUrlFilter@3606eee9, org.springframework.security.web.context.request.async.WebAsyncManagerIntegrationFilter@1e34840f, org.springframework.security.web.context.SecurityContextPersistenceFilter@102f3f05, org.springframework.security.web.header.HeaderWriterFilter@1640a6b5, org.springframework.security.web.authentication.logout.LogoutFilter@c7a1db6, org.springframework.security.web.authentication.www.BasicAuthenticationFilter@167bae0b, org.springframework.security.web.savedrequest.RequestCacheAwareFilter@2a7b5925, org.springframework.security.web.servletapi.SecurityContextHolderAwareRequestFilter@5a5b394, org.springframework.security.web.authentication.AnonymousAuthenticationFilter@6792f2c6, org.springframework.security.web.session.SessionManagementFilter@63ccb1b2, org.springframework.security.web.access.ExceptionTranslationFilter@5b2c41f9, org.springframework.security.web.access.intercept.FilterSecurityInterceptor@2041c9a3]
2023-05-17 18:09:08.209  WARN 17180 --- [main] o.s.s.c.a.web.builders.WebSecurity       : You are asking Spring Security to ignore Ant [pattern='/v3/api-docs/**']. This is not recommended -- please use permitAll via HttpSecurity#authorizeHttpRequests instead.
2023-05-17 18:09:08.209  INFO 17180 --- [main] o.s.s.web.DefaultSecurityFilterChain     : Will not secure Ant [pattern='/v3/api-docs/**']
2023-05-17 18:09:08.209  WARN 17180 --- [main] o.s.s.c.a.web.builders.WebSecurity       : You are asking Spring Security to ignore Ant [pattern='/swagger-ui/**']. This is not recommended -- please use permitAll via HttpSecurity#authorizeHttpRequests instead.
2023-05-17 18:09:08.209  INFO 17180 --- [main] o.s.s.web.DefaultSecurityFilterChain     : Will not secure Ant [pattern='/swagger-ui/**']
2023-05-17 18:09:08.266  WARN 17180 --- [main] JpaBaseConfiguration$JpaWebConfiguration : spring.jpa.open-in-view is enabled by default. Therefore, database queries may be performed during view rendering. Explicitly configure spring.jpa.open-in-view to disable this warning
2023-05-17 18:09:08.738  INFO 17180 --- [main] o.s.b.a.e.web.EndpointLinksResolver      : Exposing 5 endpoint(s) beneath base path '/actuator'
2023-05-17 18:09:08.777  INFO 17180 --- [main] o.s.b.w.embedded.tomcat.TomcatWebServer  : Tomcat started on port(s): 8080 (http) with context path ''
2023-05-17 18:09:08.789  INFO 17180 --- [main] c.e.D.DonationPlatformApplication        : Started DonationPlatformApplication in 3.112 seconds (JVM running for 3.587)
2023-05-17 18:09:09.024  INFO 17180 --- [RMI TCP Connection(3)-192.168.190.25] o.a.c.c.C.[Tomcat].[localhost].[/]       : Initializing Spring DispatcherServlet 'dispatcherServlet'
2023-05-17 18:09:09.025  INFO 17180 --- [RMI TCP Connection(3)-192.168.190.25] o.s.web.servlet.DispatcherServlet        : Initializing Servlet 'dispatcherServlet'
2023-05-17 18:09:09.026  INFO 17180 --- [RMI TCP Connection(3)-192.168.190.25] o.s.web.servlet.DispatcherServlet        : Completed initialization in 1 ms
2023-05-17 18:28:52.520  INFO 17180 --- [SpringApplicationShutdownHook] j.LocalContainerEntityManagerFactoryBean : Closing JPA EntityManagerFactory for persistence unit 'default'
2023-05-17 19:04:03.102  INFO 18536 --- [main] c.e.D.DonationPlatformApplication        : Starting DonationPlatformApplication using Java 11.0.19 on DESKTOP-AKD0ENH with PID 18536 (C:\Users\Lenovo\Desktop\DonationPlatform\target\classes started by Lenovo in C:\Users\Lenovo\Desktop\DonationPlatform)
2023-05-17 19:04:03.107  INFO 18536 --- [main] c.e.D.DonationPlatformApplication        : No active profile set, falling back to 1 default profile: "default"
2023-05-17 19:04:03.793  INFO 18536 --- [main] .s.d.r.c.RepositoryConfigurationDelegate : Bootstrapping Spring Data JPA repositories in DEFAULT mode.
2023-05-17 19:04:03.833  INFO 18536 --- [main] .s.d.r.c.RepositoryConfigurationDelegate : Finished Spring Data repository scanning in 34 ms. Found 4 JPA repository interfaces.
2023-05-17 19:04:04.143  INFO 18536 --- [main] o.s.b.w.embedded.tomcat.TomcatWebServer  : Tomcat initialized with port(s): 8080 (http)
2023-05-17 19:04:04.149  INFO 18536 --- [main] o.apache.catalina.core.StandardService   : Starting service [Tomcat]
2023-05-17 19:04:04.149  INFO 18536 --- [main] org.apache.catalina.core.StandardEngine  : Starting Servlet engine: [Apache Tomcat/9.0.71]
2023-05-17 19:04:04.304  INFO 18536 --- [main] org.apache.jasper.servlet.TldScanner     : At least one JAR was scanned for TLDs yet contained no TLDs. Enable debug logging for this logger for a complete list of JARs that were scanned but no TLDs were found in them. Skipping unneeded JARs during scanning can improve startup time and JSP compilation time.
2023-05-17 19:04:04.310  INFO 18536 --- [main] o.a.c.c.C.[Tomcat].[localhost].[/]       : Initializing Spring embedded WebApplicationContext
2023-05-17 19:04:04.310  INFO 18536 --- [main] w.s.c.ServletWebServerApplicationContext : Root WebApplicationContext: initialization completed in 1173 ms
2023-05-17 19:04:04.551  INFO 18536 --- [main] o.hibernate.jpa.internal.util.LogHelper  : HHH000204: Processing PersistenceUnitInfo [name: default]
2023-05-17 19:04:04.578  INFO 18536 --- [main] org.hibernate.Version                    : HHH000412: Hibernate ORM core version 5.6.15.Final
2023-05-17 19:04:04.654  INFO 18536 --- [main] o.hibernate.annotations.common.Version   : HCANN000001: Hibernate Commons Annotations {5.1.2.Final}
2023-05-17 19:04:04.753  INFO 18536 --- [main] org.hibernate.dialect.Dialect            : HHH000400: Using dialect: org.hibernate.dialect.PostgreSQL10Dialect
2023-05-17 19:04:05.142  INFO 18536 --- [main] o.h.e.t.j.p.i.JtaPlatformInitiator       : HHH000490: Using JtaPlatform implementation: [org.hibernate.engine.transaction.jta.platform.internal.NoJtaPlatform]
2023-05-17 19:04:05.150  INFO 18536 --- [main] j.LocalContainerEntityManagerFactoryBean : Initialized JPA EntityManagerFactory for persistence unit 'default'
2023-05-17 19:04:05.529  INFO 18536 --- [main] o.s.s.web.DefaultSecurityFilterChain     : Will secure any request with [org.springframework.security.web.session.DisableEncodeUrlFilter@1e34840f, org.springframework.security.web.context.request.async.WebAsyncManagerIntegrationFilter@6792f2c6, org.springframework.security.web.context.SecurityContextPersistenceFilter@102f3f05, org.springframework.security.web.header.HeaderWriterFilter@1640a6b5, org.springframework.security.web.authentication.logout.LogoutFilter@c7a1db6, org.springframework.security.web.authentication.www.BasicAuthenticationFilter@14980819, org.springframework.security.web.savedrequest.RequestCacheAwareFilter@2a7b5925, org.springframework.security.web.servletapi.SecurityContextHolderAwareRequestFilter@5a5b394, org.springframework.security.web.authentication.AnonymousAuthenticationFilter@52fed5b7, org.springframework.security.web.session.SessionManagementFilter@63ccb1b2, org.springframework.security.web.access.ExceptionTranslationFilter@5b2c41f9, org.springframework.security.web.access.intercept.FilterSecurityInterceptor@36e358de]
2023-05-17 19:04:05.534  WARN 18536 --- [main] o.s.s.c.a.web.builders.WebSecurity       : You are asking Spring Security to ignore Ant [pattern='/v3/api-docs/**']. This is not recommended -- please use permitAll via HttpSecurity#authorizeHttpRequests instead.
2023-05-17 19:04:05.534  INFO 18536 --- [main] o.s.s.web.DefaultSecurityFilterChain     : Will not secure Ant [pattern='/v3/api-docs/**']
2023-05-17 19:04:05.534  WARN 18536 --- [main] o.s.s.c.a.web.builders.WebSecurity       : You are asking Spring Security to ignore Ant [pattern='/swagger-ui/**']. This is not recommended -- please use permitAll via HttpSecurity#authorizeHttpRequests instead.
2023-05-17 19:04:05.535  INFO 18536 --- [main] o.s.s.web.DefaultSecurityFilterChain     : Will not secure Ant [pattern='/swagger-ui/**']
2023-05-17 19:04:05.591  WARN 18536 --- [main] JpaBaseConfiguration$JpaWebConfiguration : spring.jpa.open-in-view is enabled by default. Therefore, database queries may be performed during view rendering. Explicitly configure spring.jpa.open-in-view to disable this warning
2023-05-17 19:04:06.042  INFO 18536 --- [main] o.s.b.a.e.web.EndpointLinksResolver      : Exposing 5 endpoint(s) beneath base path '/actuator'
2023-05-17 19:04:06.081  INFO 18536 --- [main] o.s.b.w.embedded.tomcat.TomcatWebServer  : Tomcat started on port(s): 8080 (http) with context path ''
2023-05-17 19:04:06.092  INFO 18536 --- [main] c.e.D.DonationPlatformApplication        : Started DonationPlatformApplication in 3.26 seconds (JVM running for 3.779)
2023-05-17 19:04:06.599  INFO 18536 --- [RMI TCP Connection(1)-192.168.190.25] o.a.c.c.C.[Tomcat].[localhost].[/]       : Initializing Spring DispatcherServlet 'dispatcherServlet'
2023-05-17 19:04:06.599  INFO 18536 --- [RMI TCP Connection(1)-192.168.190.25] o.s.web.servlet.DispatcherServlet        : Initializing Servlet 'dispatcherServlet'
2023-05-17 19:04:06.600  INFO 18536 --- [RMI TCP Connection(1)-192.168.190.25] o.s.web.servlet.DispatcherServlet        : Completed initialization in 1 ms
2023-05-17 19:04:11.940  INFO 18536 --- [http-nio-8080-exec-2] o.springdoc.api.AbstractOpenApiResource  : Init duration for springdoc-openapi is: 232 ms
2023-05-17 19:22:31.002  INFO 18536 --- [SpringApplicationShutdownHook] j.LocalContainerEntityManagerFactoryBean : Closing JPA EntityManagerFactory for persistence unit 'default'
2023-05-17 20:00:13.444  INFO 23924 --- [main] c.e.D.DonationPlatformApplication        : Starting DonationPlatformApplication using Java 11.0.19 on DESKTOP-AKD0ENH with PID 23924 (C:\Users\Lenovo\Desktop\DonationPlatform\target\classes started by Lenovo in C:\Users\Lenovo\Desktop\DonationPlatform)
2023-05-17 20:00:13.448  INFO 23924 --- [main] c.e.D.DonationPlatformApplication        : No active profile set, falling back to 1 default profile: "default"
2023-05-17 20:00:14.049  INFO 23924 --- [main] .s.d.r.c.RepositoryConfigurationDelegate : Bootstrapping Spring Data JPA repositories in DEFAULT mode.
2023-05-17 20:00:14.090  INFO 23924 --- [main] .s.d.r.c.RepositoryConfigurationDelegate : Finished Spring Data repository scanning in 35 ms. Found 4 JPA repository interfaces.
2023-05-17 20:00:14.391  INFO 23924 --- [main] o.s.b.w.embedded.tomcat.TomcatWebServer  : Tomcat initialized with port(s): 8080 (http)
2023-05-17 20:00:14.397  INFO 23924 --- [main] o.apache.catalina.core.StandardService   : Starting service [Tomcat]
2023-05-17 20:00:14.397  INFO 23924 --- [main] org.apache.catalina.core.StandardEngine  : Starting Servlet engine: [Apache Tomcat/9.0.71]
2023-05-17 20:00:14.530  INFO 23924 --- [main] org.apache.jasper.servlet.TldScanner     : At least one JAR was scanned for TLDs yet contained no TLDs. Enable debug logging for this logger for a complete list of JARs that were scanned but no TLDs were found in them. Skipping unneeded JARs during scanning can improve startup time and JSP compilation time.
2023-05-17 20:00:14.535  INFO 23924 --- [main] o.a.c.c.C.[Tomcat].[localhost].[/]       : Initializing Spring embedded WebApplicationContext
2023-05-17 20:00:14.535  INFO 23924 --- [main] w.s.c.ServletWebServerApplicationContext : Root WebApplicationContext: initialization completed in 1061 ms
2023-05-17 20:00:14.765  INFO 23924 --- [main] o.hibernate.jpa.internal.util.LogHelper  : HHH000204: Processing PersistenceUnitInfo [name: default]
2023-05-17 20:00:14.789  INFO 23924 --- [main] org.hibernate.Version                    : HHH000412: Hibernate ORM core version 5.6.15.Final
2023-05-17 20:00:14.862  INFO 23924 --- [main] o.hibernate.annotations.common.Version   : HCANN000001: Hibernate Commons Annotations {5.1.2.Final}
2023-05-17 20:00:14.965  INFO 23924 --- [main] org.hibernate.dialect.Dialect            : HHH000400: Using dialect: org.hibernate.dialect.PostgreSQL10Dialect
2023-05-17 20:00:15.365  INFO 23924 --- [main] o.h.e.t.j.p.i.JtaPlatformInitiator       : HHH000490: Using JtaPlatform implementation: [org.hibernate.engine.transaction.jta.platform.internal.NoJtaPlatform]
2023-05-17 20:00:15.372  INFO 23924 --- [main] j.LocalContainerEntityManagerFactoryBean : Initialized JPA EntityManagerFactory for persistence unit 'default'
2023-05-17 20:00:15.774  INFO 23924 --- [main] o.s.s.web.DefaultSecurityFilterChain     : Will secure any request with [org.springframework.security.web.session.DisableEncodeUrlFilter@52fed5b7, org.springframework.security.web.context.request.async.WebAsyncManagerIntegrationFilter@530e08a7, org.springframework.security.web.context.SecurityContextPersistenceFilter@2a7b5925, org.springframework.security.web.header.HeaderWriterFilter@47fce2c4, org.springframework.security.web.authentication.logout.LogoutFilter@7b6b99c5, org.springframework.security.web.authentication.www.BasicAuthenticationFilter@294a12b5, org.springframework.security.web.savedrequest.RequestCacheAwareFilter@6c9b6332, org.springframework.security.web.servletapi.SecurityContextHolderAwareRequestFilter@384b3fe7, org.springframework.security.web.authentication.AnonymousAuthenticationFilter@6920fa35, org.springframework.security.web.session.SessionManagementFilter@1b868ef0, org.springframework.security.web.access.ExceptionTranslationFilter@1ee52741, org.springframework.security.web.access.intercept.FilterSecurityInterceptor@52a2e2fb]
2023-05-17 20:00:15.779  WARN 23924 --- [main] o.s.s.c.a.web.builders.WebSecurity       : You are asking Spring Security to ignore Ant [pattern='/v3/api-docs/**']. This is not recommended -- please use permitAll via HttpSecurity#authorizeHttpRequests instead.
2023-05-17 20:00:15.779  INFO 23924 --- [main] o.s.s.web.DefaultSecurityFilterChain     : Will not secure Ant [pattern='/v3/api-docs/**']
2023-05-17 20:00:15.779  WARN 23924 --- [main] o.s.s.c.a.web.builders.WebSecurity       : You are asking Spring Security to ignore Ant [pattern='/swagger-ui/**']. This is not recommended -- please use permitAll via HttpSecurity#authorizeHttpRequests instead.
2023-05-17 20:00:15.780  INFO 23924 --- [main] o.s.s.web.DefaultSecurityFilterChain     : Will not secure Ant [pattern='/swagger-ui/**']
2023-05-17 20:00:15.835  WARN 23924 --- [main] JpaBaseConfiguration$JpaWebConfiguration : spring.jpa.open-in-view is enabled by default. Therefore, database queries may be performed during view rendering. Explicitly configure spring.jpa.open-in-view to disable this warning
2023-05-17 20:00:16.288  INFO 23924 --- [main] o.s.b.a.e.web.EndpointLinksResolver      : Exposing 5 endpoint(s) beneath base path '/actuator'
2023-05-17 20:00:16.325  INFO 23924 --- [main] o.s.b.w.embedded.tomcat.TomcatWebServer  : Tomcat started on port(s): 8080 (http) with context path ''
2023-05-17 20:00:16.337  INFO 23924 --- [main] c.e.D.DonationPlatformApplication        : Started DonationPlatformApplication in 3.136 seconds (JVM running for 3.673)
2023-05-17 20:00:16.622  INFO 23924 --- [RMI TCP Connection(5)-192.168.190.25] o.a.c.c.C.[Tomcat].[localhost].[/]       : Initializing Spring DispatcherServlet 'dispatcherServlet'
2023-05-17 20:00:16.623  INFO 23924 --- [RMI TCP Connection(5)-192.168.190.25] o.s.web.servlet.DispatcherServlet        : Initializing Servlet 'dispatcherServlet'
2023-05-17 20:00:16.624  INFO 23924 --- [RMI TCP Connection(5)-192.168.190.25] o.s.web.servlet.DispatcherServlet        : Completed initialization in 1 ms
2023-05-17 20:00:29.966  INFO 23924 --- [http-nio-8080-exec-3] c.e.D.controllers.UserController         : User with id: 4 was found.
2023-05-17 20:00:52.099 ERROR 23924 --- [http-nio-8080-exec-4] c.e.D.exceptions.ExceptionResolver       : NoRightToPerformActions: User doesn't have rights to perform action! in class com.example.DonationPlatform.exceptions.usersExceptions.NoRightToPerformActionsException
2023-05-17 20:29:41.788  INFO 11284 --- [main] c.e.D.DonationPlatformApplicationTests   : Starting DonationPlatformApplicationTests using Java 11.0.19 on DESKTOP-AKD0ENH with PID 11284 (started by Lenovo in C:\Users\Lenovo\Desktop\DonationPlatform)
2023-05-17 20:29:41.790  INFO 11284 --- [main] c.e.D.DonationPlatformApplicationTests   : No active profile set, falling back to 1 default profile: "default"
2023-05-17 20:29:42.847  INFO 11284 --- [main] .s.d.r.c.RepositoryConfigurationDelegate : Bootstrapping Spring Data JPA repositories in DEFAULT mode.
2023-05-17 20:29:42.905  INFO 11284 --- [main] .s.d.r.c.RepositoryConfigurationDelegate : Finished Spring Data repository scanning in 51 ms. Found 4 JPA repository interfaces.
2023-05-17 20:29:43.716  INFO 11284 --- [main] o.hibernate.jpa.internal.util.LogHelper  : HHH000204: Processing PersistenceUnitInfo [name: default]
2023-05-17 20:29:43.766  INFO 11284 --- [main] org.hibernate.Version                    : HHH000412: Hibernate ORM core version 5.6.15.Final
2023-05-17 20:29:43.919  INFO 11284 --- [main] o.hibernate.annotations.common.Version   : HCANN000001: Hibernate Commons Annotations {5.1.2.Final}
2023-05-17 20:29:44.092  INFO 11284 --- [main] org.hibernate.dialect.Dialect            : HHH000400: Using dialect: org.hibernate.dialect.PostgreSQL10Dialect
2023-05-17 20:29:44.667  INFO 11284 --- [main] o.h.e.t.j.p.i.JtaPlatformInitiator       : HHH000490: Using JtaPlatform implementation: [org.hibernate.engine.transaction.jta.platform.internal.NoJtaPlatform]
2023-05-17 20:29:44.675  INFO 11284 --- [main] j.LocalContainerEntityManagerFactoryBean : Initialized JPA EntityManagerFactory for persistence unit 'default'
2023-05-17 20:29:45.500  INFO 11284 --- [main] o.s.s.web.DefaultSecurityFilterChain     : Will secure any request with [org.springframework.security.web.session.DisableEncodeUrlFilter@135a8808, org.springframework.security.web.context.request.async.WebAsyncManagerIntegrationFilter@57abe94d, org.springframework.security.web.context.SecurityContextPersistenceFilter@2569afda, org.springframework.security.web.header.HeaderWriterFilter@598f1faf, org.springframework.security.web.authentication.logout.LogoutFilter@54ec8ab3, org.springframework.security.web.authentication.www.BasicAuthenticationFilter@8d52313, org.springframework.security.web.savedrequest.RequestCacheAwareFilter@247a8411, org.springframework.security.web.servletapi.SecurityContextHolderAwareRequestFilter@4c05f83b, org.springframework.security.web.authentication.AnonymousAuthenticationFilter@51b11186, org.springframework.security.web.session.SessionManagementFilter@6e96f3cd, org.springframework.security.web.access.ExceptionTranslationFilter@209b4b35, org.springframework.security.web.access.intercept.FilterSecurityInterceptor@48a61e38]
2023-05-17 20:29:45.521  WARN 11284 --- [main] o.s.s.c.a.web.builders.WebSecurity       : You are asking Spring Security to ignore Ant [pattern='/v3/api-docs/**']. This is not recommended -- please use permitAll via HttpSecurity#authorizeHttpRequests instead.
2023-05-17 20:29:45.522  INFO 11284 --- [main] o.s.s.web.DefaultSecurityFilterChain     : Will not secure Ant [pattern='/v3/api-docs/**']
2023-05-17 20:29:45.522  WARN 11284 --- [main] o.s.s.c.a.web.builders.WebSecurity       : You are asking Spring Security to ignore Ant [pattern='/swagger-ui/**']. This is not recommended -- please use permitAll via HttpSecurity#authorizeHttpRequests instead.
2023-05-17 20:29:45.524  INFO 11284 --- [main] o.s.s.web.DefaultSecurityFilterChain     : Will not secure Ant [pattern='/swagger-ui/**']
2023-05-17 20:29:45.832  WARN 11284 --- [main] JpaBaseConfiguration$JpaWebConfiguration : spring.jpa.open-in-view is enabled by default. Therefore, database queries may be performed during view rendering. Explicitly configure spring.jpa.open-in-view to disable this warning
2023-05-17 20:29:47.448  INFO 11284 --- [main] o.s.b.a.e.web.EndpointLinksResolver      : Exposing 5 endpoint(s) beneath base path '/actuator'
2023-05-17 20:29:47.505  INFO 11284 --- [main] c.e.D.DonationPlatformApplicationTests   : Started DonationPlatformApplicationTests in 5.983 seconds (JVM running for 6.748)
2023-05-17 20:29:47.739  INFO 11284 --- [SpringApplicationShutdownHook] j.LocalContainerEntityManagerFactoryBean : Closing JPA EntityManagerFactory for persistence unit 'default'
2023-05-17 20:43:08.364  INFO 23924 --- [SpringApplicationShutdownHook] j.LocalContainerEntityManagerFactoryBean : Closing JPA EntityManagerFactory for persistence unit 'default'
2023-05-17 21:29:57.374  INFO 4500 --- [main] c.e.D.DonationPlatformApplication        : Starting DonationPlatformApplication using Java 11.0.19 on DESKTOP-AKD0ENH with PID 4500 (C:\Users\Lenovo\Desktop\DonationPlatform\target\classes started by Lenovo in C:\Users\Lenovo\Desktop\DonationPlatform)
2023-05-17 21:29:57.378  INFO 4500 --- [main] c.e.D.DonationPlatformApplication        : No active profile set, falling back to 1 default profile: "default"
2023-05-17 21:29:58.083  INFO 4500 --- [main] .s.d.r.c.RepositoryConfigurationDelegate : Bootstrapping Spring Data JPA repositories in DEFAULT mode.
2023-05-17 21:29:58.127  INFO 4500 --- [main] .s.d.r.c.RepositoryConfigurationDelegate : Finished Spring Data repository scanning in 38 ms. Found 4 JPA repository interfaces.
2023-05-17 21:29:58.443  INFO 4500 --- [main] o.s.b.w.embedded.tomcat.TomcatWebServer  : Tomcat initialized with port(s): 8080 (http)
2023-05-17 21:29:58.449  INFO 4500 --- [main] o.apache.catalina.core.StandardService   : Starting service [Tomcat]
2023-05-17 21:29:58.449  INFO 4500 --- [main] org.apache.catalina.core.StandardEngine  : Starting Servlet engine: [Apache Tomcat/9.0.71]
2023-05-17 21:29:58.598  INFO 4500 --- [main] org.apache.jasper.servlet.TldScanner     : At least one JAR was scanned for TLDs yet contained no TLDs. Enable debug logging for this logger for a complete list of JARs that were scanned but no TLDs were found in them. Skipping unneeded JARs during scanning can improve startup time and JSP compilation time.
2023-05-17 21:29:58.605  INFO 4500 --- [main] o.a.c.c.C.[Tomcat].[localhost].[/]       : Initializing Spring embedded WebApplicationContext
2023-05-17 21:29:58.605  INFO 4500 --- [main] w.s.c.ServletWebServerApplicationContext : Root WebApplicationContext: initialization completed in 1201 ms
2023-05-17 21:29:58.850  INFO 4500 --- [main] o.hibernate.jpa.internal.util.LogHelper  : HHH000204: Processing PersistenceUnitInfo [name: default]
2023-05-17 21:29:58.874  INFO 4500 --- [main] org.hibernate.Version                    : HHH000412: Hibernate ORM core version 5.6.15.Final
2023-05-17 21:29:58.949  INFO 4500 --- [main] o.hibernate.annotations.common.Version   : HCANN000001: Hibernate Commons Annotations {5.1.2.Final}
2023-05-17 21:29:59.050  INFO 4500 --- [main] org.hibernate.dialect.Dialect            : HHH000400: Using dialect: org.hibernate.dialect.PostgreSQL10Dialect
2023-05-17 21:29:59.446  INFO 4500 --- [main] o.h.e.t.j.p.i.JtaPlatformInitiator       : HHH000490: Using JtaPlatform implementation: [org.hibernate.engine.transaction.jta.platform.internal.NoJtaPlatform]
2023-05-17 21:29:59.453  INFO 4500 --- [main] j.LocalContainerEntityManagerFactoryBean : Initialized JPA EntityManagerFactory for persistence unit 'default'
2023-05-17 21:29:59.830  INFO 4500 --- [main] o.s.s.web.DefaultSecurityFilterChain     : Will secure any request with [org.springframework.security.web.session.DisableEncodeUrlFilter@6b286640, org.springframework.security.web.context.request.async.WebAsyncManagerIntegrationFilter@294a12b5, org.springframework.security.web.context.SecurityContextPersistenceFilter@1ae23815, org.springframework.security.web.header.HeaderWriterFilter@5b2c41f9, org.springframework.security.web.authentication.logout.LogoutFilter@664083f6, org.springframework.security.web.authentication.www.BasicAuthenticationFilter@4a490518, org.springframework.security.web.savedrequest.RequestCacheAwareFilter@1165a952, org.springframework.security.web.servletapi.SecurityContextHolderAwareRequestFilter@1b868ef0, org.springframework.security.web.authentication.AnonymousAuthenticationFilter@628aea61, org.springframework.security.web.session.SessionManagementFilter@abe7d36, org.springframework.security.web.access.ExceptionTranslationFilter@205b73d8, org.springframework.security.web.access.intercept.FilterSecurityInterceptor@663e1144]
2023-05-17 21:29:59.835  WARN 4500 --- [main] o.s.s.c.a.web.builders.WebSecurity       : You are asking Spring Security to ignore Ant [pattern='/v3/api-docs/**']. This is not recommended -- please use permitAll via HttpSecurity#authorizeHttpRequests instead.
2023-05-17 21:29:59.836  INFO 4500 --- [main] o.s.s.web.DefaultSecurityFilterChain     : Will not secure Ant [pattern='/v3/api-docs/**']
2023-05-17 21:29:59.836  WARN 4500 --- [main] o.s.s.c.a.web.builders.WebSecurity       : You are asking Spring Security to ignore Ant [pattern='/swagger-ui/**']. This is not recommended -- please use permitAll via HttpSecurity#authorizeHttpRequests instead.
2023-05-17 21:29:59.836  INFO 4500 --- [main] o.s.s.web.DefaultSecurityFilterChain     : Will not secure Ant [pattern='/swagger-ui/**']
2023-05-17 21:29:59.890  WARN 4500 --- [main] JpaBaseConfiguration$JpaWebConfiguration : spring.jpa.open-in-view is enabled by default. Therefore, database queries may be performed during view rendering. Explicitly configure spring.jpa.open-in-view to disable this warning
2023-05-17 21:30:00.339  INFO 4500 --- [main] o.s.b.a.e.web.EndpointLinksResolver      : Exposing 5 endpoint(s) beneath base path '/actuator'
2023-05-17 21:30:00.376  INFO 4500 --- [main] o.s.b.w.embedded.tomcat.TomcatWebServer  : Tomcat started on port(s): 8080 (http) with context path ''
2023-05-17 21:30:00.387  INFO 4500 --- [main] c.e.D.DonationPlatformApplication        : Started DonationPlatformApplication in 3.258 seconds (JVM running for 3.786)
2023-05-17 21:30:00.963  INFO 4500 --- [RMI TCP Connection(3)-192.168.69.25] o.a.c.c.C.[Tomcat].[localhost].[/]       : Initializing Spring DispatcherServlet 'dispatcherServlet'
2023-05-17 21:30:00.963  INFO 4500 --- [RMI TCP Connection(3)-192.168.69.25] o.s.web.servlet.DispatcherServlet        : Initializing Servlet 'dispatcherServlet'
2023-05-17 21:30:00.964  INFO 4500 --- [RMI TCP Connection(3)-192.168.69.25] o.s.web.servlet.DispatcherServlet        : Completed initialization in 1 ms
2023-05-17 21:30:04.560 ERROR 4500 --- [http-nio-8080-exec-4] c.e.D.exceptions.ExceptionResolver       : NoRightToPerformActions: User doesn't have rights to perform action! in class com.example.DonationPlatform.exceptions.usersExceptions.NoRightToPerformActionsException
2023-05-17 21:30:43.019  INFO 4500 --- [SpringApplicationShutdownHook] j.LocalContainerEntityManagerFactoryBean : Closing JPA EntityManagerFactory for persistence unit 'default'
2023-05-17 21:30:47.568  INFO 4572 --- [main] c.e.D.DonationPlatformApplication        : Starting DonationPlatformApplication using Java 11.0.19 on DESKTOP-AKD0ENH with PID 4572 (C:\Users\Lenovo\Desktop\DonationPlatform\target\classes started by Lenovo in C:\Users\Lenovo\Desktop\DonationPlatform)
2023-05-17 21:30:47.573  INFO 4572 --- [main] c.e.D.DonationPlatformApplication        : No active profile set, falling back to 1 default profile: "default"
2023-05-17 21:30:48.168  INFO 4572 --- [main] .s.d.r.c.RepositoryConfigurationDelegate : Bootstrapping Spring Data JPA repositories in DEFAULT mode.
2023-05-17 21:30:48.208  INFO 4572 --- [main] .s.d.r.c.RepositoryConfigurationDelegate : Finished Spring Data repository scanning in 34 ms. Found 4 JPA repository interfaces.
2023-05-17 21:30:48.509  INFO 4572 --- [main] o.s.b.w.embedded.tomcat.TomcatWebServer  : Tomcat initialized with port(s): 8080 (http)
2023-05-17 21:30:48.514  INFO 4572 --- [main] o.apache.catalina.core.StandardService   : Starting service [Tomcat]
2023-05-17 21:30:48.515  INFO 4572 --- [main] org.apache.catalina.core.StandardEngine  : Starting Servlet engine: [Apache Tomcat/9.0.71]
2023-05-17 21:30:48.648  INFO 4572 --- [main] org.apache.jasper.servlet.TldScanner     : At least one JAR was scanned for TLDs yet contained no TLDs. Enable debug logging for this logger for a complete list of JARs that were scanned but no TLDs were found in them. Skipping unneeded JARs during scanning can improve startup time and JSP compilation time.
2023-05-17 21:30:48.654  INFO 4572 --- [main] o.a.c.c.C.[Tomcat].[localhost].[/]       : Initializing Spring embedded WebApplicationContext
2023-05-17 21:30:48.654  INFO 4572 --- [main] w.s.c.ServletWebServerApplicationContext : Root WebApplicationContext: initialization completed in 1055 ms
2023-05-17 21:30:48.889  INFO 4572 --- [main] o.hibernate.jpa.internal.util.LogHelper  : HHH000204: Processing PersistenceUnitInfo [name: default]
2023-05-17 21:30:48.914  INFO 4572 --- [main] org.hibernate.Version                    : HHH000412: Hibernate ORM core version 5.6.15.Final
2023-05-17 21:30:48.988  INFO 4572 --- [main] o.hibernate.annotations.common.Version   : HCANN000001: Hibernate Commons Annotations {5.1.2.Final}
2023-05-17 21:30:49.089  INFO 4572 --- [main] org.hibernate.dialect.Dialect            : HHH000400: Using dialect: org.hibernate.dialect.PostgreSQL10Dialect
2023-05-17 21:30:49.490  INFO 4572 --- [main] o.h.e.t.j.p.i.JtaPlatformInitiator       : HHH000490: Using JtaPlatform implementation: [org.hibernate.engine.transaction.jta.platform.internal.NoJtaPlatform]
2023-05-17 21:30:49.498  INFO 4572 --- [main] j.LocalContainerEntityManagerFactoryBean : Initialized JPA EntityManagerFactory for persistence unit 'default'
2023-05-17 21:30:49.891  INFO 4572 --- [main] o.s.s.web.DefaultSecurityFilterChain     : Will secure any request with [org.springframework.security.web.session.DisableEncodeUrlFilter@1e34840f, org.springframework.security.web.context.request.async.WebAsyncManagerIntegrationFilter@6792f2c6, org.springframework.security.web.context.SecurityContextPersistenceFilter@102f3f05, org.springframework.security.web.header.HeaderWriterFilter@1640a6b5, org.springframework.security.web.authentication.logout.LogoutFilter@c7a1db6, org.springframework.security.web.authentication.www.BasicAuthenticationFilter@14980819, org.springframework.security.web.savedrequest.RequestCacheAwareFilter@2a7b5925, org.springframework.security.web.servletapi.SecurityContextHolderAwareRequestFilter@5a5b394, org.springframework.security.web.authentication.AnonymousAuthenticationFilter@52fed5b7, org.springframework.security.web.session.SessionManagementFilter@63ccb1b2, org.springframework.security.web.access.ExceptionTranslationFilter@5b2c41f9, org.springframework.security.web.access.intercept.FilterSecurityInterceptor@36e358de]
2023-05-17 21:30:49.897  WARN 4572 --- [main] o.s.s.c.a.web.builders.WebSecurity       : You are asking Spring Security to ignore Ant [pattern='/v3/api-docs/**']. This is not recommended -- please use permitAll via HttpSecurity#authorizeHttpRequests instead.
2023-05-17 21:30:49.897  INFO 4572 --- [main] o.s.s.web.DefaultSecurityFilterChain     : Will not secure Ant [pattern='/v3/api-docs/**']
2023-05-17 21:30:49.898  WARN 4572 --- [main] o.s.s.c.a.web.builders.WebSecurity       : You are asking Spring Security to ignore Ant [pattern='/swagger-ui/**']. This is not recommended -- please use permitAll via HttpSecurity#authorizeHttpRequests instead.
2023-05-17 21:30:49.898  INFO 4572 --- [main] o.s.s.web.DefaultSecurityFilterChain     : Will not secure Ant [pattern='/swagger-ui/**']
2023-05-17 21:30:49.957  WARN 4572 --- [main] JpaBaseConfiguration$JpaWebConfiguration : spring.jpa.open-in-view is enabled by default. Therefore, database queries may be performed during view rendering. Explicitly configure spring.jpa.open-in-view to disable this warning
2023-05-17 21:30:50.401  INFO 4572 --- [main] o.s.b.a.e.web.EndpointLinksResolver      : Exposing 5 endpoint(s) beneath base path '/actuator'
2023-05-17 21:30:50.438  INFO 4572 --- [main] o.s.b.w.embedded.tomcat.TomcatWebServer  : Tomcat started on port(s): 8080 (http) with context path ''
2023-05-17 21:30:50.449  INFO 4572 --- [main] c.e.D.DonationPlatformApplication        : Started DonationPlatformApplication in 3.131 seconds (JVM running for 3.636)
2023-05-17 21:30:50.666  INFO 4572 --- [RMI TCP Connection(2)-192.168.69.25] o.a.c.c.C.[Tomcat].[localhost].[/]       : Initializing Spring DispatcherServlet 'dispatcherServlet'
2023-05-17 21:30:50.666  INFO 4572 --- [RMI TCP Connection(2)-192.168.69.25] o.s.web.servlet.DispatcherServlet        : Initializing Servlet 'dispatcherServlet'
2023-05-17 21:30:50.667  INFO 4572 --- [RMI TCP Connection(2)-192.168.69.25] o.s.web.servlet.DispatcherServlet        : Completed initialization in 0 ms
2023-05-17 21:30:58.614  INFO 4572 --- [SpringApplicationShutdownHook] j.LocalContainerEntityManagerFactoryBean : Closing JPA EntityManagerFactory for persistence unit 'default'
